<?xml version="1.0" encoding="UTF-8"?>
<robot generator="Robot 6.1.1 (Python 3.11.5 on win32)" generated="20231121 23:09:42.025" rpa="false" schemaversion="4">
<suite id="s1" name="testSuite1" source="C:\Users\feroz\PycharmProjects\Project1\testCases\testSuite1.robot">
<kw name="Suite Setup" type="SETUP">
<kw name="Open Demo Website" library="Suite1">
<arg>https://awesomeqa.com/ui/</arg>
<arg>chrome</arg>
<doc>Opens the website in specified browser for a given URL.</doc>
<kw name="Open Browser" library="SeleniumLibrary">
<arg>${url}</arg>
<arg>${browser_name}</arg>
<arg>options=add_experimental_option("detach", True)</arg>
<doc>Opens a new browser instance to the optional ``url``.</doc>
<msg timestamp="20231121 23:09:42.356" level="INFO">Opening browser 'chrome' to base url 'https://awesomeqa.com/ui/'.</msg>
<status status="PASS" starttime="20231121 23:09:42.356" endtime="20231121 23:09:44.557"/>
</kw>
<kw name="Set Selenium Speed" library="SeleniumLibrary">
<arg>0.5 seconds</arg>
<doc>Sets the delay that is waited after each Selenium command.</doc>
<status status="PASS" starttime="20231121 23:09:44.572" endtime="20231121 23:09:44.572"/>
</kw>
<kw name="Maximize Browser Window" library="SeleniumLibrary">
<doc>Maximizes current browser window.</doc>
<status status="PASS" starttime="20231121 23:09:44.572" endtime="20231121 23:09:45.201"/>
</kw>
<status status="PASS" starttime="20231121 23:09:42.356" endtime="20231121 23:09:45.201"/>
</kw>
<status status="PASS" starttime="20231121 23:09:42.356" endtime="20231121 23:09:45.201"/>
</kw>
<test id="s1-t1" name="Valid UserRegistration_1" line="20">
<kw name="Valid Registration" library="Suite1">
<arg>Syed</arg>
<arg>Ali</arg>
<arg>syedali123@outlook.com</arg>
<arg>+919010543317</arg>
<arg>Test123</arg>
<arg>Yes</arg>
<arg>Yes</arg>
<doc>Registers a new user with the given credentials in variables section.</doc>
<kw name="Click Element" library="SeleniumLibrary">
<arg>xpath=${my_acc}</arg>
<doc>Click the element identified by ``locator``.</doc>
<msg timestamp="20231121 23:09:45.201" level="INFO">Clicking element 'xpath=//*[@id="top-links"]/ul/li[2]/a'.</msg>
<status status="PASS" starttime="20231121 23:09:45.201" endtime="20231121 23:09:46.319"/>
</kw>
<kw name="Click Element" library="SeleniumLibrary">
<arg>xpath=${registration}</arg>
<doc>Click the element identified by ``locator``.</doc>
<msg timestamp="20231121 23:09:46.319" level="INFO">Clicking element 'xpath=//*[@id="top-links"]/ul/li[2]/ul/li[1]/a'.</msg>
<status status="PASS" starttime="20231121 23:09:46.319" endtime="20231121 23:09:47.645"/>
</kw>
<kw name="Input Text" library="SeleniumLibrary">
<arg>xpath=${firstname}</arg>
<arg>${firstname_value}</arg>
<doc>Types the given ``text`` into the text field identified by ``locator``.</doc>
<msg timestamp="20231121 23:09:47.645" level="INFO">Typing text 'Syed' into text field 'xpath=//*[@id="input-firstname"]'.</msg>
<status status="PASS" starttime="20231121 23:09:47.645" endtime="20231121 23:09:49.319"/>
</kw>
<kw name="Input Text" library="SeleniumLibrary">
<arg>xpath=${lastname}</arg>
<arg>${lastname_value}</arg>
<doc>Types the given ``text`` into the text field identified by ``locator``.</doc>
<msg timestamp="20231121 23:09:49.319" level="INFO">Typing text 'Ali' into text field 'xpath=//*[@id="input-lastname"]'.</msg>
<status status="PASS" starttime="20231121 23:09:49.319" endtime="20231121 23:09:50.947"/>
</kw>
<kw name="Input Text" library="SeleniumLibrary">
<arg>xpath=${mobile}</arg>
<arg>${mobile_value}</arg>
<doc>Types the given ``text`` into the text field identified by ``locator``.</doc>
<msg timestamp="20231121 23:09:50.947" level="INFO">Typing text '+919010543317' into text field 'xpath=//*[@id="input-telephone"]'.</msg>
<status status="PASS" starttime="20231121 23:09:50.947" endtime="20231121 23:09:52.587"/>
</kw>
<kw name="Input Text" library="SeleniumLibrary">
<arg>xpath=${email}</arg>
<arg>${email_value}</arg>
<doc>Types the given ``text`` into the text field identified by ``locator``.</doc>
<msg timestamp="20231121 23:09:52.587" level="INFO">Typing text 'syedali123@outlook.com' into text field 'xpath=//*[@id="input-email"]'.</msg>
<status status="PASS" starttime="20231121 23:09:52.587" endtime="20231121 23:09:54.265"/>
</kw>
<kw name="Scroll to Page End" library="Suite1">
<kw name="Execute Javascript" library="SeleniumLibrary">
<arg>window.scrollTo(0,document.body.scrollHeight)</arg>
<doc>Executes the given JavaScript code with possible arguments.</doc>
<msg timestamp="20231121 23:09:54.265" level="INFO">Executing JavaScript:
window.scrollTo(0,document.body.scrollHeight)
Without any arguments.</msg>
<status status="PASS" starttime="20231121 23:09:54.265" endtime="20231121 23:09:54.801"/>
</kw>
<status status="PASS" starttime="20231121 23:09:54.265" endtime="20231121 23:09:54.801"/>
</kw>
<kw name="Input Password" library="SeleniumLibrary">
<arg>xpath=${password}</arg>
<arg>${password_value}</arg>
<doc>Types the given password into the text field identified by ``locator``.</doc>
<msg timestamp="20231121 23:09:54.801" level="INFO">Typing password into text field 'xpath=//*[@id="input-password"]'.</msg>
<msg timestamp="20231121 23:09:55.860" level="INFO">Temporally setting log level to: NONE</msg>
<msg timestamp="20231121 23:09:56.446" level="INFO">Log level changed from NONE to INFO.</msg>
<status status="PASS" starttime="20231121 23:09:54.801" endtime="20231121 23:09:56.446"/>
</kw>
<kw name="Input Password" library="SeleniumLibrary">
<arg>xpath=${password_confirm}</arg>
<arg>${password_value}</arg>
<doc>Types the given password into the text field identified by ``locator``.</doc>
<msg timestamp="20231121 23:09:56.446" level="INFO">Typing password into text field 'xpath=//*[@id="input-confirm"]'.</msg>
<msg timestamp="20231121 23:09:57.493" level="INFO">Temporally setting log level to: NONE</msg>
<msg timestamp="20231121 23:09:58.042" level="INFO">Log level changed from NONE to INFO.</msg>
<status status="PASS" starttime="20231121 23:09:56.446" endtime="20231121 23:09:58.042"/>
</kw>
<kw name="Convert To Lower Case" library="String">
<var>${subscribe}</var>
<arg>${subscription_required_value}</arg>
<doc>Converts string to lower case.</doc>
<msg timestamp="20231121 23:09:58.042" level="INFO">${subscribe} = yes</msg>
<status status="PASS" starttime="20231121 23:09:58.042" endtime="20231121 23:09:58.042"/>
</kw>
<if>
<branch type="IF" condition="&quot;${subscribe}&quot; == &quot;yes&quot;">
<kw name="Set Test Variable" library="BuiltIn">
<arg>${label}</arg>
<arg>1</arg>
<doc>Makes a variable available everywhere within the scope of the current test.</doc>
<msg timestamp="20231121 23:09:58.042" level="INFO">${label} = 1</msg>
<status status="PASS" starttime="20231121 23:09:58.042" endtime="20231121 23:09:58.042"/>
</kw>
<kw name="Replace String" library="String">
<var>${subscription_required}</var>
<arg>${subscription_required}</arg>
<arg>subscribe_value</arg>
<arg>${label}</arg>
<doc>Replaces ``search_for`` in the given ``string`` with ``replace_with``.</doc>
<msg timestamp="20231121 23:09:58.042" level="INFO">${subscription_required} = //*[@id="content"]/form/fieldset[3]/div/div/label[1]/input</msg>
<status status="PASS" starttime="20231121 23:09:58.042" endtime="20231121 23:09:58.042"/>
</kw>
<kw name="Log" library="BuiltIn">
<arg>${subscription_required}</arg>
<doc>Logs the given message with the given level.</doc>
<msg timestamp="20231121 23:09:58.042" level="INFO">//*[@id="content"]/form/fieldset[3]/div/div/label[1]/input</msg>
<status status="PASS" starttime="20231121 23:09:58.042" endtime="20231121 23:09:58.042"/>
</kw>
<status status="PASS" starttime="20231121 23:09:58.042" endtime="20231121 23:09:58.042"/>
</branch>
<branch type="ELSE">
<kw name="Set Test Variable" library="BuiltIn">
<arg>${label}</arg>
<arg>2</arg>
<doc>Makes a variable available everywhere within the scope of the current test.</doc>
<status status="NOT RUN" starttime="20231121 23:09:58.042" endtime="20231121 23:09:58.042"/>
</kw>
<kw name="Replace String" library="String">
<var>${subscription_required}</var>
<arg>${subscription_required}</arg>
<arg>subscribe_value</arg>
<arg>${label}</arg>
<doc>Replaces ``search_for`` in the given ``string`` with ``replace_with``.</doc>
<status status="NOT RUN" starttime="20231121 23:09:58.042" endtime="20231121 23:09:58.042"/>
</kw>
<status status="NOT RUN" starttime="20231121 23:09:58.042" endtime="20231121 23:09:58.042"/>
</branch>
<status status="PASS" starttime="20231121 23:09:58.042" endtime="20231121 23:09:58.042"/>
</if>
<kw name="Click Button" library="SeleniumLibrary">
<arg>xpath=${subscription_required}</arg>
<doc>Clicks the button identified by ``locator``.</doc>
<msg timestamp="20231121 23:09:58.042" level="INFO">Clicking button 'xpath=//*[@id="content"]/form/fieldset[3]/div/div/label[1]/input'.</msg>
<status status="PASS" starttime="20231121 23:09:58.042" endtime="20231121 23:09:59.617"/>
</kw>
<kw name="Convert To Lower Case" library="String">
<var>${Agree_tnC}</var>
<arg>${Agree_Terms_value}</arg>
<doc>Converts string to lower case.</doc>
<msg timestamp="20231121 23:09:59.617" level="INFO">${Agree_tnC} = yes</msg>
<status status="PASS" starttime="20231121 23:09:59.617" endtime="20231121 23:09:59.617"/>
</kw>
<if>
<branch type="IF" condition="&quot;${Agree_tnC}&quot; == &quot;yes&quot;">
<kw name="Select Checkbox" library="SeleniumLibrary">
<arg>xpath=${Agree_Terms}</arg>
<doc>Selects the checkbox identified by ``locator``.</doc>
<msg timestamp="20231121 23:09:59.617" level="INFO">Selecting checkbox 'xpath=//*[@id="content"]/form/div/div/input[1]'.</msg>
<status status="PASS" starttime="20231121 23:09:59.617" endtime="20231121 23:10:02.319"/>
</kw>
<status status="PASS" starttime="20231121 23:09:59.617" endtime="20231121 23:10:02.319"/>
</branch>
<branch type="ELSE">
<kw name="Log" library="BuiltIn">
<arg>Terms and conditions Not Selected</arg>
<doc>Logs the given message with the given level.</doc>
<status status="NOT RUN" starttime="20231121 23:10:02.319" endtime="20231121 23:10:02.319"/>
</kw>
<kw name="Fail" library="BuiltIn">
<arg>checkbox not selected by user, modify argument to Yes.</arg>
<doc>Fails the test with the given message and optionally alters its tags.</doc>
<status status="NOT RUN" starttime="20231121 23:10:02.319" endtime="20231121 23:10:02.319"/>
</kw>
<status status="NOT RUN" starttime="20231121 23:10:02.319" endtime="20231121 23:10:02.319"/>
</branch>
<status status="PASS" starttime="20231121 23:09:59.617" endtime="20231121 23:10:02.319"/>
</if>
<status status="PASS" starttime="20231121 23:09:45.201" endtime="20231121 23:10:02.319"/>
</kw>
<status status="PASS" starttime="20231121 23:09:45.201" endtime="20231121 23:10:02.319"/>
</test>
<test id="s1-t2" name="Valid UserRegistration_2" line="27">
<kw name="Valid Registration" library="Suite1">
<arg>Syed</arg>
<arg>Ali</arg>
<arg>syedali123@outlook.com</arg>
<arg>+919010543317</arg>
<arg>Test123</arg>
<arg>No</arg>
<arg>Yes</arg>
<doc>Registers a new user with the given credentials in variables section.</doc>
<kw name="Click Element" library="SeleniumLibrary">
<arg>xpath=${my_acc}</arg>
<doc>Click the element identified by ``locator``.</doc>
<msg timestamp="20231121 23:10:02.330" level="INFO">Clicking element 'xpath=//*[@id="top-links"]/ul/li[2]/a'.</msg>
<status status="PASS" starttime="20231121 23:10:02.330" endtime="20231121 23:10:03.409"/>
</kw>
<kw name="Click Element" library="SeleniumLibrary">
<arg>xpath=${registration}</arg>
<doc>Click the element identified by ``locator``.</doc>
<msg timestamp="20231121 23:10:03.409" level="INFO">Clicking element 'xpath=//*[@id="top-links"]/ul/li[2]/ul/li[1]/a'.</msg>
<status status="PASS" starttime="20231121 23:10:03.409" endtime="20231121 23:10:04.546"/>
</kw>
<kw name="Input Text" library="SeleniumLibrary">
<arg>xpath=${firstname}</arg>
<arg>${firstname_value}</arg>
<doc>Types the given ``text`` into the text field identified by ``locator``.</doc>
<msg timestamp="20231121 23:10:04.546" level="INFO">Typing text 'Syed' into text field 'xpath=//*[@id="input-firstname"]'.</msg>
<status status="PASS" starttime="20231121 23:10:04.546" endtime="20231121 23:10:06.168"/>
</kw>
<kw name="Input Text" library="SeleniumLibrary">
<arg>xpath=${lastname}</arg>
<arg>${lastname_value}</arg>
<doc>Types the given ``text`` into the text field identified by ``locator``.</doc>
<msg timestamp="20231121 23:10:06.168" level="INFO">Typing text 'Ali' into text field 'xpath=//*[@id="input-lastname"]'.</msg>
<status status="PASS" starttime="20231121 23:10:06.168" endtime="20231121 23:10:07.790"/>
</kw>
<kw name="Input Text" library="SeleniumLibrary">
<arg>xpath=${mobile}</arg>
<arg>${mobile_value}</arg>
<doc>Types the given ``text`` into the text field identified by ``locator``.</doc>
<msg timestamp="20231121 23:10:07.790" level="INFO">Typing text '+919010543317' into text field 'xpath=//*[@id="input-telephone"]'.</msg>
<status status="PASS" starttime="20231121 23:10:07.790" endtime="20231121 23:10:09.431"/>
</kw>
<kw name="Input Text" library="SeleniumLibrary">
<arg>xpath=${email}</arg>
<arg>${email_value}</arg>
<doc>Types the given ``text`` into the text field identified by ``locator``.</doc>
<msg timestamp="20231121 23:10:09.431" level="INFO">Typing text 'syedali123@outlook.com' into text field 'xpath=//*[@id="input-email"]'.</msg>
<status status="PASS" starttime="20231121 23:10:09.431" endtime="20231121 23:10:11.088"/>
</kw>
<kw name="Scroll to Page End" library="Suite1">
<kw name="Execute Javascript" library="SeleniumLibrary">
<arg>window.scrollTo(0,document.body.scrollHeight)</arg>
<doc>Executes the given JavaScript code with possible arguments.</doc>
<msg timestamp="20231121 23:10:11.088" level="INFO">Executing JavaScript:
window.scrollTo(0,document.body.scrollHeight)
Without any arguments.</msg>
<status status="PASS" starttime="20231121 23:10:11.088" endtime="20231121 23:10:11.609"/>
</kw>
<status status="PASS" starttime="20231121 23:10:11.088" endtime="20231121 23:10:11.609"/>
</kw>
<kw name="Input Password" library="SeleniumLibrary">
<arg>xpath=${password}</arg>
<arg>${password_value}</arg>
<doc>Types the given password into the text field identified by ``locator``.</doc>
<msg timestamp="20231121 23:10:11.609" level="INFO">Typing password into text field 'xpath=//*[@id="input-password"]'.</msg>
<msg timestamp="20231121 23:10:12.653" level="INFO">Temporally setting log level to: NONE</msg>
<msg timestamp="20231121 23:10:13.221" level="INFO">Log level changed from NONE to INFO.</msg>
<status status="PASS" starttime="20231121 23:10:11.609" endtime="20231121 23:10:13.221"/>
</kw>
<kw name="Input Password" library="SeleniumLibrary">
<arg>xpath=${password_confirm}</arg>
<arg>${password_value}</arg>
<doc>Types the given password into the text field identified by ``locator``.</doc>
<msg timestamp="20231121 23:10:13.221" level="INFO">Typing password into text field 'xpath=//*[@id="input-confirm"]'.</msg>
<msg timestamp="20231121 23:10:14.267" level="INFO">Temporally setting log level to: NONE</msg>
<msg timestamp="20231121 23:10:14.845" level="INFO">Log level changed from NONE to INFO.</msg>
<status status="PASS" starttime="20231121 23:10:13.221" endtime="20231121 23:10:14.845"/>
</kw>
<kw name="Convert To Lower Case" library="String">
<var>${subscribe}</var>
<arg>${subscription_required_value}</arg>
<doc>Converts string to lower case.</doc>
<msg timestamp="20231121 23:10:14.845" level="INFO">${subscribe} = no</msg>
<status status="PASS" starttime="20231121 23:10:14.845" endtime="20231121 23:10:14.845"/>
</kw>
<if>
<branch type="IF" condition="&quot;${subscribe}&quot; == &quot;yes&quot;">
<kw name="Set Test Variable" library="BuiltIn">
<arg>${label}</arg>
<arg>1</arg>
<doc>Makes a variable available everywhere within the scope of the current test.</doc>
<status status="NOT RUN" starttime="20231121 23:10:14.845" endtime="20231121 23:10:14.845"/>
</kw>
<kw name="Replace String" library="String">
<var>${subscription_required}</var>
<arg>${subscription_required}</arg>
<arg>subscribe_value</arg>
<arg>${label}</arg>
<doc>Replaces ``search_for`` in the given ``string`` with ``replace_with``.</doc>
<status status="NOT RUN" starttime="20231121 23:10:14.845" endtime="20231121 23:10:14.847"/>
</kw>
<kw name="Log" library="BuiltIn">
<arg>${subscription_required}</arg>
<doc>Logs the given message with the given level.</doc>
<status status="NOT RUN" starttime="20231121 23:10:14.847" endtime="20231121 23:10:14.847"/>
</kw>
<status status="NOT RUN" starttime="20231121 23:10:14.845" endtime="20231121 23:10:14.847"/>
</branch>
<branch type="ELSE">
<kw name="Set Test Variable" library="BuiltIn">
<arg>${label}</arg>
<arg>2</arg>
<doc>Makes a variable available everywhere within the scope of the current test.</doc>
<msg timestamp="20231121 23:10:14.847" level="INFO">${label} = 2</msg>
<status status="PASS" starttime="20231121 23:10:14.847" endtime="20231121 23:10:14.847"/>
</kw>
<kw name="Replace String" library="String">
<var>${subscription_required}</var>
<arg>${subscription_required}</arg>
<arg>subscribe_value</arg>
<arg>${label}</arg>
<doc>Replaces ``search_for`` in the given ``string`` with ``replace_with``.</doc>
<msg timestamp="20231121 23:10:14.847" level="INFO">${subscription_required} = //*[@id="content"]/form/fieldset[3]/div/div/label[2]/input</msg>
<status status="PASS" starttime="20231121 23:10:14.847" endtime="20231121 23:10:14.847"/>
</kw>
<status status="PASS" starttime="20231121 23:10:14.847" endtime="20231121 23:10:14.847"/>
</branch>
<status status="PASS" starttime="20231121 23:10:14.845" endtime="20231121 23:10:14.847"/>
</if>
<kw name="Click Button" library="SeleniumLibrary">
<arg>xpath=${subscription_required}</arg>
<doc>Clicks the button identified by ``locator``.</doc>
<msg timestamp="20231121 23:10:14.847" level="INFO">Clicking button 'xpath=//*[@id="content"]/form/fieldset[3]/div/div/label[2]/input'.</msg>
<status status="PASS" starttime="20231121 23:10:14.847" endtime="20231121 23:10:16.429"/>
</kw>
<kw name="Convert To Lower Case" library="String">
<var>${Agree_tnC}</var>
<arg>${Agree_Terms_value}</arg>
<doc>Converts string to lower case.</doc>
<msg timestamp="20231121 23:10:16.429" level="INFO">${Agree_tnC} = yes</msg>
<status status="PASS" starttime="20231121 23:10:16.429" endtime="20231121 23:10:16.429"/>
</kw>
<if>
<branch type="IF" condition="&quot;${Agree_tnC}&quot; == &quot;yes&quot;">
<kw name="Select Checkbox" library="SeleniumLibrary">
<arg>xpath=${Agree_Terms}</arg>
<doc>Selects the checkbox identified by ``locator``.</doc>
<msg timestamp="20231121 23:10:16.429" level="INFO">Selecting checkbox 'xpath=//*[@id="content"]/form/div/div/input[1]'.</msg>
<status status="PASS" starttime="20231121 23:10:16.429" endtime="20231121 23:10:19.030"/>
</kw>
<status status="PASS" starttime="20231121 23:10:16.429" endtime="20231121 23:10:19.030"/>
</branch>
<branch type="ELSE">
<kw name="Log" library="BuiltIn">
<arg>Terms and conditions Not Selected</arg>
<doc>Logs the given message with the given level.</doc>
<status status="NOT RUN" starttime="20231121 23:10:19.030" endtime="20231121 23:10:19.030"/>
</kw>
<kw name="Fail" library="BuiltIn">
<arg>checkbox not selected by user, modify argument to Yes.</arg>
<doc>Fails the test with the given message and optionally alters its tags.</doc>
<status status="NOT RUN" starttime="20231121 23:10:19.030" endtime="20231121 23:10:19.030"/>
</kw>
<status status="NOT RUN" starttime="20231121 23:10:19.030" endtime="20231121 23:10:19.030"/>
</branch>
<status status="PASS" starttime="20231121 23:10:16.429" endtime="20231121 23:10:19.030"/>
</if>
<status status="PASS" starttime="20231121 23:10:02.319" endtime="20231121 23:10:19.030"/>
</kw>
<status status="PASS" starttime="20231121 23:10:02.319" endtime="20231121 23:10:19.030"/>
</test>
<test id="s1-t3" name="Valid UserRegistration_3" line="34">
<kw name="Valid Registration" library="Suite1">
<arg>Syed</arg>
<arg>Ali</arg>
<arg>syedali123@outlook.com</arg>
<arg>+919010543317</arg>
<arg>Test123</arg>
<arg>No</arg>
<arg>No</arg>
<doc>Registers a new user with the given credentials in variables section.</doc>
<kw name="Click Element" library="SeleniumLibrary">
<arg>xpath=${my_acc}</arg>
<doc>Click the element identified by ``locator``.</doc>
<msg timestamp="20231121 23:10:19.036" level="INFO">Clicking element 'xpath=//*[@id="top-links"]/ul/li[2]/a'.</msg>
<status status="PASS" starttime="20231121 23:10:19.030" endtime="20231121 23:10:20.106"/>
</kw>
<kw name="Click Element" library="SeleniumLibrary">
<arg>xpath=${registration}</arg>
<doc>Click the element identified by ``locator``.</doc>
<msg timestamp="20231121 23:10:20.106" level="INFO">Clicking element 'xpath=//*[@id="top-links"]/ul/li[2]/ul/li[1]/a'.</msg>
<status status="PASS" starttime="20231121 23:10:20.106" endtime="20231121 23:10:21.238"/>
</kw>
<kw name="Input Text" library="SeleniumLibrary">
<arg>xpath=${firstname}</arg>
<arg>${firstname_value}</arg>
<doc>Types the given ``text`` into the text field identified by ``locator``.</doc>
<msg timestamp="20231121 23:10:21.244" level="INFO">Typing text 'Syed' into text field 'xpath=//*[@id="input-firstname"]'.</msg>
<status status="PASS" starttime="20231121 23:10:21.238" endtime="20231121 23:10:22.844"/>
</kw>
<kw name="Input Text" library="SeleniumLibrary">
<arg>xpath=${lastname}</arg>
<arg>${lastname_value}</arg>
<doc>Types the given ``text`` into the text field identified by ``locator``.</doc>
<msg timestamp="20231121 23:10:22.844" level="INFO">Typing text 'Ali' into text field 'xpath=//*[@id="input-lastname"]'.</msg>
<status status="PASS" starttime="20231121 23:10:22.844" endtime="20231121 23:10:24.456"/>
</kw>
<kw name="Input Text" library="SeleniumLibrary">
<arg>xpath=${mobile}</arg>
<arg>${mobile_value}</arg>
<doc>Types the given ``text`` into the text field identified by ``locator``.</doc>
<msg timestamp="20231121 23:10:24.456" level="INFO">Typing text '+919010543317' into text field 'xpath=//*[@id="input-telephone"]'.</msg>
<status status="PASS" starttime="20231121 23:10:24.456" endtime="20231121 23:10:26.090"/>
</kw>
<kw name="Input Text" library="SeleniumLibrary">
<arg>xpath=${email}</arg>
<arg>${email_value}</arg>
<doc>Types the given ``text`` into the text field identified by ``locator``.</doc>
<msg timestamp="20231121 23:10:26.090" level="INFO">Typing text 'syedali123@outlook.com' into text field 'xpath=//*[@id="input-email"]'.</msg>
<status status="PASS" starttime="20231121 23:10:26.090" endtime="20231121 23:10:27.744"/>
</kw>
<kw name="Scroll to Page End" library="Suite1">
<kw name="Execute Javascript" library="SeleniumLibrary">
<arg>window.scrollTo(0,document.body.scrollHeight)</arg>
<doc>Executes the given JavaScript code with possible arguments.</doc>
<msg timestamp="20231121 23:10:27.745" level="INFO">Executing JavaScript:
window.scrollTo(0,document.body.scrollHeight)
Without any arguments.</msg>
<status status="PASS" starttime="20231121 23:10:27.744" endtime="20231121 23:10:28.264"/>
</kw>
<status status="PASS" starttime="20231121 23:10:27.744" endtime="20231121 23:10:28.264"/>
</kw>
<kw name="Input Password" library="SeleniumLibrary">
<arg>xpath=${password}</arg>
<arg>${password_value}</arg>
<doc>Types the given password into the text field identified by ``locator``.</doc>
<msg timestamp="20231121 23:10:28.264" level="INFO">Typing password into text field 'xpath=//*[@id="input-password"]'.</msg>
<msg timestamp="20231121 23:10:29.312" level="INFO">Temporally setting log level to: NONE</msg>
<msg timestamp="20231121 23:10:29.887" level="INFO">Log level changed from NONE to INFO.</msg>
<status status="PASS" starttime="20231121 23:10:28.264" endtime="20231121 23:10:29.887"/>
</kw>
<kw name="Input Password" library="SeleniumLibrary">
<arg>xpath=${password_confirm}</arg>
<arg>${password_value}</arg>
<doc>Types the given password into the text field identified by ``locator``.</doc>
<msg timestamp="20231121 23:10:29.887" level="INFO">Typing password into text field 'xpath=//*[@id="input-confirm"]'.</msg>
<msg timestamp="20231121 23:10:30.938" level="INFO">Temporally setting log level to: NONE</msg>
<msg timestamp="20231121 23:10:31.517" level="INFO">Log level changed from NONE to INFO.</msg>
<status status="PASS" starttime="20231121 23:10:29.887" endtime="20231121 23:10:31.517"/>
</kw>
<kw name="Convert To Lower Case" library="String">
<var>${subscribe}</var>
<arg>${subscription_required_value}</arg>
<doc>Converts string to lower case.</doc>
<msg timestamp="20231121 23:10:31.517" level="INFO">${subscribe} = no</msg>
<status status="PASS" starttime="20231121 23:10:31.517" endtime="20231121 23:10:31.517"/>
</kw>
<if>
<branch type="IF" condition="&quot;${subscribe}&quot; == &quot;yes&quot;">
<kw name="Set Test Variable" library="BuiltIn">
<arg>${label}</arg>
<arg>1</arg>
<doc>Makes a variable available everywhere within the scope of the current test.</doc>
<status status="NOT RUN" starttime="20231121 23:10:31.517" endtime="20231121 23:10:31.517"/>
</kw>
<kw name="Replace String" library="String">
<var>${subscription_required}</var>
<arg>${subscription_required}</arg>
<arg>subscribe_value</arg>
<arg>${label}</arg>
<doc>Replaces ``search_for`` in the given ``string`` with ``replace_with``.</doc>
<status status="NOT RUN" starttime="20231121 23:10:31.517" endtime="20231121 23:10:31.517"/>
</kw>
<kw name="Log" library="BuiltIn">
<arg>${subscription_required}</arg>
<doc>Logs the given message with the given level.</doc>
<status status="NOT RUN" starttime="20231121 23:10:31.517" endtime="20231121 23:10:31.517"/>
</kw>
<status status="NOT RUN" starttime="20231121 23:10:31.517" endtime="20231121 23:10:31.517"/>
</branch>
<branch type="ELSE">
<kw name="Set Test Variable" library="BuiltIn">
<arg>${label}</arg>
<arg>2</arg>
<doc>Makes a variable available everywhere within the scope of the current test.</doc>
<msg timestamp="20231121 23:10:31.517" level="INFO">${label} = 2</msg>
<status status="PASS" starttime="20231121 23:10:31.517" endtime="20231121 23:10:31.517"/>
</kw>
<kw name="Replace String" library="String">
<var>${subscription_required}</var>
<arg>${subscription_required}</arg>
<arg>subscribe_value</arg>
<arg>${label}</arg>
<doc>Replaces ``search_for`` in the given ``string`` with ``replace_with``.</doc>
<msg timestamp="20231121 23:10:31.517" level="INFO">${subscription_required} = //*[@id="content"]/form/fieldset[3]/div/div/label[2]/input</msg>
<status status="PASS" starttime="20231121 23:10:31.517" endtime="20231121 23:10:31.517"/>
</kw>
<status status="PASS" starttime="20231121 23:10:31.517" endtime="20231121 23:10:31.517"/>
</branch>
<status status="PASS" starttime="20231121 23:10:31.517" endtime="20231121 23:10:31.517"/>
</if>
<kw name="Click Button" library="SeleniumLibrary">
<arg>xpath=${subscription_required}</arg>
<doc>Clicks the button identified by ``locator``.</doc>
<msg timestamp="20231121 23:10:31.517" level="INFO">Clicking button 'xpath=//*[@id="content"]/form/fieldset[3]/div/div/label[2]/input'.</msg>
<status status="PASS" starttime="20231121 23:10:31.517" endtime="20231121 23:10:33.085"/>
</kw>
<kw name="Convert To Lower Case" library="String">
<var>${Agree_tnC}</var>
<arg>${Agree_Terms_value}</arg>
<doc>Converts string to lower case.</doc>
<msg timestamp="20231121 23:10:33.085" level="INFO">${Agree_tnC} = no</msg>
<status status="PASS" starttime="20231121 23:10:33.085" endtime="20231121 23:10:33.085"/>
</kw>
<if>
<branch type="IF" condition="&quot;${Agree_tnC}&quot; == &quot;yes&quot;">
<kw name="Select Checkbox" library="SeleniumLibrary">
<arg>xpath=${Agree_Terms}</arg>
<doc>Selects the checkbox identified by ``locator``.</doc>
<status status="NOT RUN" starttime="20231121 23:10:33.085" endtime="20231121 23:10:33.085"/>
</kw>
<status status="NOT RUN" starttime="20231121 23:10:33.085" endtime="20231121 23:10:33.085"/>
</branch>
<branch type="ELSE">
<kw name="Log" library="BuiltIn">
<arg>Terms and conditions Not Selected</arg>
<doc>Logs the given message with the given level.</doc>
<msg timestamp="20231121 23:10:33.085" level="INFO">Terms and conditions Not Selected</msg>
<status status="PASS" starttime="20231121 23:10:33.085" endtime="20231121 23:10:33.085"/>
</kw>
<kw name="Fail" library="BuiltIn">
<arg>checkbox not selected by user, modify argument to Yes.</arg>
<doc>Fails the test with the given message and optionally alters its tags.</doc>
<msg timestamp="20231121 23:10:33.085" level="FAIL">checkbox not selected by user, modify argument to Yes.</msg>
<status status="FAIL" starttime="20231121 23:10:33.085" endtime="20231121 23:10:33.085"/>
</kw>
<status status="FAIL" starttime="20231121 23:10:33.085" endtime="20231121 23:10:33.085"/>
</branch>
<status status="FAIL" starttime="20231121 23:10:33.085" endtime="20231121 23:10:33.085"/>
</if>
<status status="FAIL" starttime="20231121 23:10:19.030" endtime="20231121 23:10:33.085"/>
</kw>
<status status="FAIL" starttime="20231121 23:10:19.030" endtime="20231121 23:10:33.085">checkbox not selected by user, modify argument to Yes.</status>
</test>
<kw name="Suite Teardown" type="TEARDOWN">
<kw name="Close Browser" library="SeleniumLibrary">
<doc>Closes the current browser.</doc>
<status status="PASS" starttime="20231121 23:10:33.088" endtime="20231121 23:10:35.785"/>
</kw>
<status status="PASS" starttime="20231121 23:10:33.088" endtime="20231121 23:10:35.785"/>
</kw>
<status status="FAIL" starttime="20231121 23:09:42.036" endtime="20231121 23:10:35.785"/>
</suite>
<statistics>
<total>
<stat pass="2" fail="1" skip="0">All Tests</stat>
</total>
<tag>
</tag>
<suite>
<stat pass="2" fail="1" skip="0" id="s1" name="testSuite1">testSuite1</stat>
</suite>
</statistics>
<errors>
</errors>
</robot>
